1490111928003	geckodriver	INFO	Listening on 127.0.0.1:52970
1490111930047	mozprofile::profile	INFO	Using profile path C:\Users\ekim\AppData\Local\Temp\rust_mozprofile.sKxQe4TbCuKn
1490111930065	geckodriver::marionette	INFO	Starting browser C:\Program Files\Mozilla Firefox\firefox.exe
1490111930084	geckodriver::marionette	INFO	Connecting to Marionette on localhost:52976
JavaScript warning: http://portal.qa.calipercorp.com/assets/application-67a8fa2cefff536350db6861af33f0ef.js, line 29: mutating the [[Prototype]] of an object will cause your code to run very slowly; instead create the object with the correct initial [[Prototype]] value using Object.create
1490111955261 Marionette: Element does not have a correct accessibility role and may not be manipulated via the accessibility API -> id: user_password, tagName: INPUT, className: form-control
JavaScript warning: http://portal.qa.calipercorp.com/assets/application-67a8fa2cefff536350db6861af33f0ef.js, line 29: mutating the [[Prototype]] of an object will cause your code to run very slowly; instead create the object with the correct initial [[Prototype]] value using Object.create
1490111972748	geckodriver	INFO	Listening on 127.0.0.1:53015
1490111974807	mozprofile::profile	INFO	Using profile path C:\Users\ekim\AppData\Local\Temp\rust_mozprofile.LPCKQGRQcsbL
1490111974807	geckodriver::marionette	INFO	Starting browser C:\Program Files\Mozilla Firefox\firefox.exe
1490111974822	geckodriver::marionette	INFO	Connecting to Marionette on localhost:53021
JavaScript warning: http://portal.qa.calipercorp.com/assets/application-67a8fa2cefff536350db6861af33f0ef.js, line 29: mutating the [[Prototype]] of an object will cause your code to run very slowly; instead create the object with the correct initial [[Prototype]] value using Object.create
1490111977452 Marionette: Element does not have a correct accessibility role and may not be manipulated via the accessibility API -> id: user_password, tagName: INPUT, className: form-control
JavaScript warning: http://portal.qa.calipercorp.com/assets/application-67a8fa2cefff536350db6861af33f0ef.js, line 29: mutating the [[Prototype]] of an object will cause your code to run very slowly; instead create the object with the correct initial [[Prototype]] value using Object.create
JavaScript warning: http://portal.qa.calipercorp.com/assets/application-67a8fa2cefff536350db6861af33f0ef.js, line 29: mutating the [[Prototype]] of an object will cause your code to run very slowly; instead create the object with the correct initial [[Prototype]] value using Object.create
JavaScript warning: http://portal.qa.calipercorp.com/assets/application-67a8fa2cefff536350db6861af33f0ef.js, line 29: mutating the [[Prototype]] of an object will cause your code to run very slowly; instead create the object with the correct initial [[Prototype]] value using Object.create
Performance warning: Async animation disabled because frame size (642, 1142) is bigger than the viewport (1607, 871) or the visual rectangle (642, 1142) is larger than the max allowable value (17895698) [div]
1490111991800 Marionette: Element is not currently visible via the accessibility API and may not be manipulated by it -> id: assesseeSaveButton, tagName: BUTTON, className: btn btn-primary
1490112268421	geckodriver	INFO	Listening on 127.0.0.1:53131
1490112270480	mozprofile::profile	INFO	Using profile path C:\Users\ekim\AppData\Local\Temp\rust_mozprofile.1TOXwIbNAp13
1490112270480	geckodriver::marionette	INFO	Starting browser C:\Program Files\Mozilla Firefox\firefox.exe
1490112270496	geckodriver::marionette	INFO	Connecting to Marionette on localhost:53139
JavaScript warning: http://portal.qa.calipercorp.com/assets/application-67a8fa2cefff536350db6861af33f0ef.js, line 29: mutating the [[Prototype]] of an object will cause your code to run very slowly; instead create the object with the correct initial [[Prototype]] value using Object.create
1490112273319 Marionette: Element does not have a correct accessibility role and may not be manipulated via the accessibility API -> id: user_password, tagName: INPUT, className: form-control
JavaScript warning: http://portal.qa.calipercorp.com/assets/application-67a8fa2cefff536350db6861af33f0ef.js, line 29: mutating the [[Prototype]] of an object will cause your code to run very slowly; instead create the object with the correct initial [[Prototype]] value using Object.create
JavaScript warning: http://portal.qa.calipercorp.com/assets/application-67a8fa2cefff536350db6861af33f0ef.js, line 29: mutating the [[Prototype]] of an object will cause your code to run very slowly; instead create the object with the correct initial [[Prototype]] value using Object.create
JavaScript warning: http://portal.qa.calipercorp.com/assets/application-67a8fa2cefff536350db6861af33f0ef.js, line 29: mutating the [[Prototype]] of an object will cause your code to run very slowly; instead create the object with the correct initial [[Prototype]] value using Object.create
Performance warning: Async animation disabled because frame size (642, 1142) is bigger than the viewport (1607, 871) or the visual rectangle (642, 1142) is larger than the max allowable value (17895698) [div]
1490112287482 Marionette: Element is not currently visible via the accessibility API and may not be manipulated by it -> id: assesseeSaveButton, tagName: BUTTON, className: btn btn-primary
1490112584495	geckodriver	INFO	Listening on 127.0.0.1:53251
1490112586538	mozprofile::profile	INFO	Using profile path C:\Users\ekim\AppData\Local\Temp\rust_mozprofile.WVJAj9daZok4
1490112586553	geckodriver::marionette	INFO	Starting browser C:\Program Files\Mozilla Firefox\firefox.exe
1490112586569	geckodriver::marionette	INFO	Connecting to Marionette on localhost:53259
JavaScript warning: http://portal.qa.calipercorp.com/assets/application-67a8fa2cefff536350db6861af33f0ef.js, line 29: mutating the [[Prototype]] of an object will cause your code to run very slowly; instead create the object with the correct initial [[Prototype]] value using Object.create
1490112589214 Marionette: Element does not have a correct accessibility role and may not be manipulated via the accessibility API -> id: user_password, tagName: INPUT, className: form-control
JavaScript warning: http://portal.qa.calipercorp.com/assets/application-67a8fa2cefff536350db6861af33f0ef.js, line 29: mutating the [[Prototype]] of an object will cause your code to run very slowly; instead create the object with the correct initial [[Prototype]] value using Object.create
JavaScript warning: http://portal.qa.calipercorp.com/assets/application-67a8fa2cefff536350db6861af33f0ef.js, line 29: mutating the [[Prototype]] of an object will cause your code to run very slowly; instead create the object with the correct initial [[Prototype]] value using Object.create
JavaScript warning: http://portal.qa.calipercorp.com/assets/application-67a8fa2cefff536350db6861af33f0ef.js, line 29: mutating the [[Prototype]] of an object will cause your code to run very slowly; instead create the object with the correct initial [[Prototype]] value using Object.create
Performance warning: Async animation disabled because frame size (642, 1142) is bigger than the viewport (1607, 871) or the visual rectangle (642, 1142) is larger than the max allowable value (17895698) [div]
1490112603327 Marionette: Element is not currently visible via the accessibility API and may not be manipulated by it -> id: assesseeSaveButton, tagName: BUTTON, className: btn btn-primary
1490112740172	geckodriver	INFO	Listening on 127.0.0.1:53510
1490112742196	mozprofile::profile	INFO	Using profile path C:\Users\ekim\AppData\Local\Temp\rust_mozprofile.2MHZvro7eK1u
1490112742200	geckodriver::marionette	INFO	Starting browser C:\Program Files\Mozilla Firefox\firefox.exe
1490112742218	geckodriver::marionette	INFO	Connecting to Marionette on localhost:53516
JavaScript warning: http://portal.qa.calipercorp.com/assets/application-67a8fa2cefff536350db6861af33f0ef.js, line 29: mutating the [[Prototype]] of an object will cause your code to run very slowly; instead create the object with the correct initial [[Prototype]] value using Object.create
1490112744819 Marionette: Element does not have a correct accessibility role and may not be manipulated via the accessibility API -> id: user_password, tagName: INPUT, className: form-control
1490112766844	geckodriver	INFO	Listening on 127.0.0.1:53663
1490112768937	mozprofile::profile	INFO	Using profile path C:\Users\ekim\AppData\Local\Temp\rust_mozprofile.SCT1YOHsLC6f
1490112768943	geckodriver::marionette	INFO	Starting browser C:\Program Files\Mozilla Firefox\firefox.exe
1490112768950	geckodriver::marionette	INFO	Connecting to Marionette on localhost:53671
JavaScript warning: http://portal.qa.calipercorp.com/assets/application-67a8fa2cefff536350db6861af33f0ef.js, line 29: mutating the [[Prototype]] of an object will cause your code to run very slowly; instead create the object with the correct initial [[Prototype]] value using Object.create
1490112771876 Marionette: Element does not have a correct accessibility role and may not be manipulated via the accessibility API -> id: user_password, tagName: INPUT, className: form-control
JavaScript warning: http://portal.qa.calipercorp.com/assets/application-67a8fa2cefff536350db6861af33f0ef.js, line 29: mutating the [[Prototype]] of an object will cause your code to run very slowly; instead create the object with the correct initial [[Prototype]] value using Object.create
JavaScript warning: http://portal.qa.calipercorp.com/assets/application-67a8fa2cefff536350db6861af33f0ef.js, line 29: mutating the [[Prototype]] of an object will cause your code to run very slowly; instead create the object with the correct initial [[Prototype]] value using Object.create
JavaScript warning: http://portal.qa.calipercorp.com/assets/application-67a8fa2cefff536350db6861af33f0ef.js, line 29: mutating the [[Prototype]] of an object will cause your code to run very slowly; instead create the object with the correct initial [[Prototype]] value using Object.create
Performance warning: Async animation disabled because frame size (642, 1142) is bigger than the viewport (1607, 871) or the visual rectangle (642, 1142) is larger than the max allowable value (17895698) [div]
1490112786204 Marionette: Element is not currently visible via the accessibility API and may not be manipulated by it -> id: assesseeSaveButton, tagName: BUTTON, className: btn btn-primary
1490112838024	geckodriver	INFO	Listening on 127.0.0.1:53763
1490112840075	mozprofile::profile	INFO	Using profile path C:\Users\ekim\AppData\Local\Temp\rust_mozprofile.K4k9bS2T6Z8i
1490112840080	geckodriver::marionette	INFO	Starting browser C:\Program Files\Mozilla Firefox\firefox.exe
1490112840091	geckodriver::marionette	INFO	Connecting to Marionette on localhost:53769
JavaScript warning: http://portal.qa.calipercorp.com/assets/application-67a8fa2cefff536350db6861af33f0ef.js, line 29: mutating the [[Prototype]] of an object will cause your code to run very slowly; instead create the object with the correct initial [[Prototype]] value using Object.create
1490112842768 Marionette: Element does not have a correct accessibility role and may not be manipulated via the accessibility API -> id: user_password, tagName: INPUT, className: form-control
JavaScript warning: http://portal.qa.calipercorp.com/assets/application-67a8fa2cefff536350db6861af33f0ef.js, line 29: mutating the [[Prototype]] of an object will cause your code to run very slowly; instead create the object with the correct initial [[Prototype]] value using Object.create
JavaScript warning: http://portal.qa.calipercorp.com/assets/application-67a8fa2cefff536350db6861af33f0ef.js, line 29: mutating the [[Prototype]] of an object will cause your code to run very slowly; instead create the object with the correct initial [[Prototype]] value using Object.create
JavaScript warning: http://portal.qa.calipercorp.com/assets/application-67a8fa2cefff536350db6861af33f0ef.js, line 29: mutating the [[Prototype]] of an object will cause your code to run very slowly; instead create the object with the correct initial [[Prototype]] value using Object.create
Performance warning: Async animation disabled because frame size (642, 1142) is bigger than the viewport (1607, 871) or the visual rectangle (642, 1142) is larger than the max allowable value (17895698) [div]
1490112858843 Marionette: Element is not currently visible via the accessibility API and may not be manipulated by it -> id: assesseeSaveButton, tagName: BUTTON, className: btn btn-primary
1490112886551	geckodriver	INFO	Listening on 127.0.0.1:53866
1490112888617	mozprofile::profile	INFO	Using profile path C:\Users\ekim\AppData\Local\Temp\rust_mozprofile.pwgAWSxGrRpq
1490112888623	geckodriver::marionette	INFO	Starting browser C:\Program Files\Mozilla Firefox\firefox.exe
1490112888642	geckodriver::marionette	INFO	Connecting to Marionette on localhost:53872
JavaScript warning: http://portal.qa.calipercorp.com/assets/application-67a8fa2cefff536350db6861af33f0ef.js, line 29: mutating the [[Prototype]] of an object will cause your code to run very slowly; instead create the object with the correct initial [[Prototype]] value using Object.create
1490112891301 Marionette: Element does not have a correct accessibility role and may not be manipulated via the accessibility API -> id: user_password, tagName: INPUT, className: form-control
JavaScript warning: http://portal.qa.calipercorp.com/assets/application-67a8fa2cefff536350db6861af33f0ef.js, line 29: mutating the [[Prototype]] of an object will cause your code to run very slowly; instead create the object with the correct initial [[Prototype]] value using Object.create
JavaScript warning: http://portal.qa.calipercorp.com/assets/application-67a8fa2cefff536350db6861af33f0ef.js, line 29: mutating the [[Prototype]] of an object will cause your code to run very slowly; instead create the object with the correct initial [[Prototype]] value using Object.create
JavaScript warning: http://portal.qa.calipercorp.com/assets/application-67a8fa2cefff536350db6861af33f0ef.js, line 29: mutating the [[Prototype]] of an object will cause your code to run very slowly; instead create the object with the correct initial [[Prototype]] value using Object.create
Performance warning: Async animation disabled because frame size (642, 1142) is bigger than the viewport (1607, 871) or the visual rectangle (642, 1142) is larger than the max allowable value (17895698) [div]
1490112904911 Marionette: Element is not currently visible via the accessibility API and may not be manipulated by it -> id: assesseeSaveButton, tagName: BUTTON, className: btn btn-primary
1490113200643	geckodriver	INFO	Listening on 127.0.0.1:54084
1490113202679	mozprofile::profile	INFO	Using profile path C:\Users\ekim\AppData\Local\Temp\rust_mozprofile.dEpnOFDdiwUm
1490113202679	geckodriver::marionette	INFO	Starting browser C:\Program Files\Mozilla Firefox\firefox.exe
1490113202702	geckodriver::marionette	INFO	Connecting to Marionette on localhost:54090
JavaScript warning: http://portal.qa.calipercorp.com/assets/application-67a8fa2cefff536350db6861af33f0ef.js, line 29: mutating the [[Prototype]] of an object will cause your code to run very slowly; instead create the object with the correct initial [[Prototype]] value using Object.create
1490113206035 Marionette: Element does not have a correct accessibility role and may not be manipulated via the accessibility API -> id: user_password, tagName: INPUT, className: form-control
JavaScript warning: http://portal.qa.calipercorp.com/assets/application-67a8fa2cefff536350db6861af33f0ef.js, line 29: mutating the [[Prototype]] of an object will cause your code to run very slowly; instead create the object with the correct initial [[Prototype]] value using Object.create
JavaScript warning: http://portal.qa.calipercorp.com/assets/application-67a8fa2cefff536350db6861af33f0ef.js, line 29: mutating the [[Prototype]] of an object will cause your code to run very slowly; instead create the object with the correct initial [[Prototype]] value using Object.create
JavaScript warning: http://portal.qa.calipercorp.com/assets/application-67a8fa2cefff536350db6861af33f0ef.js, line 29: mutating the [[Prototype]] of an object will cause your code to run very slowly; instead create the object with the correct initial [[Prototype]] value using Object.create
1490113248166	geckodriver	INFO	Listening on 127.0.0.1:54142
1490113250195	mozprofile::profile	INFO	Using profile path C:\Users\ekim\AppData\Local\Temp\rust_mozprofile.5Dq4MWO2Jw1s
1490113250195	geckodriver::marionette	INFO	Starting browser C:\Program Files\Mozilla Firefox\firefox.exe
1490113250211	geckodriver::marionette	INFO	Connecting to Marionette on localhost:54148
JavaScript warning: http://portal.qa.calipercorp.com/assets/application-67a8fa2cefff536350db6861af33f0ef.js, line 29: mutating the [[Prototype]] of an object will cause your code to run very slowly; instead create the object with the correct initial [[Prototype]] value using Object.create
1490113253174 Marionette: Element does not have a correct accessibility role and may not be manipulated via the accessibility API -> id: user_password, tagName: INPUT, className: form-control
JavaScript warning: http://portal.qa.calipercorp.com/assets/application-67a8fa2cefff536350db6861af33f0ef.js, line 29: mutating the [[Prototype]] of an object will cause your code to run very slowly; instead create the object with the correct initial [[Prototype]] value using Object.create
JavaScript warning: http://portal.qa.calipercorp.com/assets/application-67a8fa2cefff536350db6861af33f0ef.js, line 29: mutating the [[Prototype]] of an object will cause your code to run very slowly; instead create the object with the correct initial [[Prototype]] value using Object.create
JavaScript warning: http://portal.qa.calipercorp.com/assets/application-67a8fa2cefff536350db6861af33f0ef.js, line 29: mutating the [[Prototype]] of an object will cause your code to run very slowly; instead create the object with the correct initial [[Prototype]] value using Object.create
Performance warning: Async animation disabled because frame size (642, 1142) is bigger than the viewport (1607, 871) or the visual rectangle (642, 1142) is larger than the max allowable value (17895698) [div]
1490113267565 Marionette: Element is not currently visible via the accessibility API and may not be manipulated by it -> id: assesseeSaveButton, tagName: BUTTON, className: btn btn-primary
1490114907721	geckodriver	INFO	Listening on 127.0.0.1:55076
1490114909768	mozprofile::profile	INFO	Using profile path C:\Users\ekim\AppData\Local\Temp\rust_mozprofile.w1Ya0rziiogj
1490114909768	geckodriver::marionette	INFO	Starting browser C:\Program Files\Mozilla Firefox\firefox.exe
1490114909768	geckodriver::marionette	INFO	Connecting to Marionette on localhost:55082
JavaScript warning: http://portal.qa.calipercorp.com/assets/application-67a8fa2cefff536350db6861af33f0ef.js, line 29: mutating the [[Prototype]] of an object will cause your code to run very slowly; instead create the object with the correct initial [[Prototype]] value using Object.create
1490114913928 Marionette: Element does not have a correct accessibility role and may not be manipulated via the accessibility API -> id: user_password, tagName: INPUT, className: form-control
JavaScript warning: http://portal.qa.calipercorp.com/assets/application-67a8fa2cefff536350db6861af33f0ef.js, line 29: mutating the [[Prototype]] of an object will cause your code to run very slowly; instead create the object with the correct initial [[Prototype]] value using Object.create
JavaScript warning: http://portal.qa.calipercorp.com/assets/application-67a8fa2cefff536350db6861af33f0ef.js, line 29: mutating the [[Prototype]] of an object will cause your code to run very slowly; instead create the object with the correct initial [[Prototype]] value using Object.create
JavaScript warning: http://portal.qa.calipercorp.com/assets/application-67a8fa2cefff536350db6861af33f0ef.js, line 29: mutating the [[Prototype]] of an object will cause your code to run very slowly; instead create the object with the correct initial [[Prototype]] value using Object.create
1490114956765	geckodriver	INFO	Listening on 127.0.0.1:55131
1490114958797	mozprofile::profile	INFO	Using profile path C:\Users\ekim\AppData\Local\Temp\rust_mozprofile.SpPwR3RzqXni
1490114958797	geckodriver::marionette	INFO	Starting browser C:\Program Files\Mozilla Firefox\firefox.exe
1490114958813	geckodriver::marionette	INFO	Connecting to Marionette on localhost:55137
JavaScript warning: http://portal.qa.calipercorp.com/assets/application-67a8fa2cefff536350db6861af33f0ef.js, line 29: mutating the [[Prototype]] of an object will cause your code to run very slowly; instead create the object with the correct initial [[Prototype]] value using Object.create
1490114961682 Marionette: Element does not have a correct accessibility role and may not be manipulated via the accessibility API -> id: user_password, tagName: INPUT, className: form-control
JavaScript warning: http://portal.qa.calipercorp.com/assets/application-67a8fa2cefff536350db6861af33f0ef.js, line 29: mutating the [[Prototype]] of an object will cause your code to run very slowly; instead create the object with the correct initial [[Prototype]] value using Object.create
1490114968773	geckodriver::marionette	ERROR	Failed to kill browser process
1490115012274	geckodriver	INFO	Listening on 127.0.0.1:55177
1490115014296	mozprofile::profile	INFO	Using profile path C:\Users\ekim\AppData\Local\Temp\rust_mozprofile.oDNT77T3zYMC
1490115014311	geckodriver::marionette	INFO	Starting browser C:\Program Files\Mozilla Firefox\firefox.exe
1490115014311	geckodriver::marionette	INFO	Connecting to Marionette on localhost:55184
JavaScript warning: http://portal.qa.calipercorp.com/assets/application-67a8fa2cefff536350db6861af33f0ef.js, line 29: mutating the [[Prototype]] of an object will cause your code to run very slowly; instead create the object with the correct initial [[Prototype]] value using Object.create
1490115017407 Marionette: Element does not have a correct accessibility role and may not be manipulated via the accessibility API -> id: user_password, tagName: INPUT, className: form-control
JavaScript warning: http://portal.qa.calipercorp.com/assets/application-67a8fa2cefff536350db6861af33f0ef.js, line 29: mutating the [[Prototype]] of an object will cause your code to run very slowly; instead create the object with the correct initial [[Prototype]] value using Object.create
JavaScript warning: http://portal.qa.calipercorp.com/assets/application-67a8fa2cefff536350db6861af33f0ef.js, line 29: mutating the [[Prototype]] of an object will cause your code to run very slowly; instead create the object with the correct initial [[Prototype]] value using Object.create
JavaScript warning: http://portal.qa.calipercorp.com/assets/application-67a8fa2cefff536350db6861af33f0ef.js, line 29: mutating the [[Prototype]] of an object will cause your code to run very slowly; instead create the object with the correct initial [[Prototype]] value using Object.create
Performance warning: Async animation disabled because frame size (642, 1142) is bigger than the viewport (1607, 871) or the visual rectangle (642, 1142) is larger than the max allowable value (17895698) [div]
1490115031807 Marionette: Element is not currently visible via the accessibility API and may not be manipulated by it -> id: assesseeSaveButton, tagName: BUTTON, className: btn btn-primary
1490115151338	geckodriver	INFO	Listening on 127.0.0.1:55294
1490115153383	mozprofile::profile	INFO	Using profile path C:\Users\ekim\AppData\Local\Temp\rust_mozprofile.Yhj65fGRNEoN
1490115153387	geckodriver::marionette	INFO	Starting browser C:\Program Files\Mozilla Firefox\firefox.exe
1490115153397	geckodriver::marionette	INFO	Connecting to Marionette on localhost:55300
JavaScript warning: http://portal.qa.calipercorp.com/assets/application-67a8fa2cefff536350db6861af33f0ef.js, line 29: mutating the [[Prototype]] of an object will cause your code to run very slowly; instead create the object with the correct initial [[Prototype]] value using Object.create
1490115156336 Marionette: Element does not have a correct accessibility role and may not be manipulated via the accessibility API -> id: user_password, tagName: INPUT, className: form-control
JavaScript warning: http://portal.qa.calipercorp.com/assets/application-67a8fa2cefff536350db6861af33f0ef.js, line 29: mutating the [[Prototype]] of an object will cause your code to run very slowly; instead create the object with the correct initial [[Prototype]] value using Object.create
JavaScript warning: http://portal.qa.calipercorp.com/assets/application-67a8fa2cefff536350db6861af33f0ef.js, line 29: mutating the [[Prototype]] of an object will cause your code to run very slowly; instead create the object with the correct initial [[Prototype]] value using Object.create
JavaScript warning: http://portal.qa.calipercorp.com/assets/application-67a8fa2cefff536350db6861af33f0ef.js, line 29: mutating the [[Prototype]] of an object will cause your code to run very slowly; instead create the object with the correct initial [[Prototype]] value using Object.create
Performance warning: Async animation disabled because frame size (642, 1142) is bigger than the viewport (1607, 871) or the visual rectangle (642, 1142) is larger than the max allowable value (17895698) [div]
1490115171742 Marionette: Element is not currently visible via the accessibility API and may not be manipulated by it -> id: assesseeSaveButton, tagName: BUTTON, className: btn btn-primary
1490115449633	geckodriver	INFO	Listening on 127.0.0.1:55539
1490115451661	mozprofile::profile	INFO	Using profile path C:\Users\ekim\AppData\Local\Temp\rust_mozprofile.yqTxjarnkLZ6
1490115451666	geckodriver::marionette	INFO	Starting browser C:\Program Files\Mozilla Firefox\firefox.exe
1490115451672	geckodriver::marionette	INFO	Connecting to Marionette on localhost:55545
JavaScript warning: http://portal.qa.calipercorp.com/assets/application-67a8fa2cefff536350db6861af33f0ef.js, line 29: mutating the [[Prototype]] of an object will cause your code to run very slowly; instead create the object with the correct initial [[Prototype]] value using Object.create
1490115454890 Marionette: Element does not have a correct accessibility role and may not be manipulated via the accessibility API -> id: user_password, tagName: INPUT, className: form-control
JavaScript warning: http://portal.qa.calipercorp.com/assets/application-67a8fa2cefff536350db6861af33f0ef.js, line 29: mutating the [[Prototype]] of an object will cause your code to run very slowly; instead create the object with the correct initial [[Prototype]] value using Object.create
JavaScript warning: http://portal.qa.calipercorp.com/assets/application-67a8fa2cefff536350db6861af33f0ef.js, line 29: mutating the [[Prototype]] of an object will cause your code to run very slowly; instead create the object with the correct initial [[Prototype]] value using Object.create
JavaScript warning: http://portal.qa.calipercorp.com/assets/application-67a8fa2cefff536350db6861af33f0ef.js, line 29: mutating the [[Prototype]] of an object will cause your code to run very slowly; instead create the object with the correct initial [[Prototype]] value using Object.create
Performance warning: Async animation disabled because frame size (642, 1142) is bigger than the viewport (1607, 871) or the visual rectangle (642, 1142) is larger than the max allowable value (17895698) [div]
1490115470251 Marionette: Element is not currently visible via the accessibility API and may not be manipulated by it -> id: assesseeSaveButton, tagName: BUTTON, className: btn btn-primary
1490115738096	geckodriver	INFO	Listening on 127.0.0.1:55677
1490115740129	mozprofile::profile	INFO	Using profile path C:\Users\ekim\AppData\Local\Temp\rust_mozprofile.uRXItJ8OHJpX
1490115740135	geckodriver::marionette	INFO	Starting browser C:\Program Files\Mozilla Firefox\firefox.exe
1490115740144	geckodriver::marionette	INFO	Connecting to Marionette on localhost:55683
JavaScript warning: http://portal.qa.calipercorp.com/assets/application-67a8fa2cefff536350db6861af33f0ef.js, line 29: mutating the [[Prototype]] of an object will cause your code to run very slowly; instead create the object with the correct initial [[Prototype]] value using Object.create
1490115743104 Marionette: Element does not have a correct accessibility role and may not be manipulated via the accessibility API -> id: user_password, tagName: INPUT, className: form-control
JavaScript warning: http://portal.qa.calipercorp.com/assets/application-67a8fa2cefff536350db6861af33f0ef.js, line 29: mutating the [[Prototype]] of an object will cause your code to run very slowly; instead create the object with the correct initial [[Prototype]] value using Object.create
JavaScript warning: http://portal.qa.calipercorp.com/assets/application-67a8fa2cefff536350db6861af33f0ef.js, line 29: mutating the [[Prototype]] of an object will cause your code to run very slowly; instead create the object with the correct initial [[Prototype]] value using Object.create
JavaScript warning: http://portal.qa.calipercorp.com/assets/application-67a8fa2cefff536350db6861af33f0ef.js, line 29: mutating the [[Prototype]] of an object will cause your code to run very slowly; instead create the object with the correct initial [[Prototype]] value using Object.create
Performance warning: Async animation disabled because frame size (642, 1142) is bigger than the viewport (1607, 871) or the visual rectangle (642, 1142) is larger than the max allowable value (17895698) [div]
1490115758523 Marionette: Element is not currently visible via the accessibility API and may not be manipulated by it -> id: assesseeSaveButton, tagName: BUTTON, className: btn btn-primary
1490116028357	geckodriver	INFO	Listening on 127.0.0.1:55820
1490116030382	mozprofile::profile	INFO	Using profile path C:\Users\ekim\AppData\Local\Temp\rust_mozprofile.RHzgYK3mlAt7
1490116030386	geckodriver::marionette	INFO	Starting browser C:\Program Files\Mozilla Firefox\firefox.exe
1490116030394	geckodriver::marionette	INFO	Connecting to Marionette on localhost:55836
JavaScript warning: http://portal.qa.calipercorp.com/assets/application-67a8fa2cefff536350db6861af33f0ef.js, line 29: mutating the [[Prototype]] of an object will cause your code to run very slowly; instead create the object with the correct initial [[Prototype]] value using Object.create
1490116033516 Marionette: Element does not have a correct accessibility role and may not be manipulated via the accessibility API -> id: user_password, tagName: INPUT, className: form-control
JavaScript warning: http://portal.qa.calipercorp.com/assets/application-67a8fa2cefff536350db6861af33f0ef.js, line 29: mutating the [[Prototype]] of an object will cause your code to run very slowly; instead create the object with the correct initial [[Prototype]] value using Object.create
JavaScript warning: http://portal.qa.calipercorp.com/assets/application-67a8fa2cefff536350db6861af33f0ef.js, line 29: mutating the [[Prototype]] of an object will cause your code to run very slowly; instead create the object with the correct initial [[Prototype]] value using Object.create
JavaScript warning: http://portal.qa.calipercorp.com/assets/application-67a8fa2cefff536350db6861af33f0ef.js, line 29: mutating the [[Prototype]] of an object will cause your code to run very slowly; instead create the object with the correct initial [[Prototype]] value using Object.create
Performance warning: Async animation disabled because frame size (642, 1142) is bigger than the viewport (1607, 871) or the visual rectangle (642, 1142) is larger than the max allowable value (17895698) [div]
1490116048982 Marionette: Element is not currently visible via the accessibility API and may not be manipulated by it -> id: assesseeSaveButton, tagName: BUTTON, className: btn btn-primary
Marionette threw an error: SyntaxError: The expression is not a legal expression.
EM_findByXPath@chrome://marionette/content/elements.js:591:12
EM_findElement@chrome://marionette/content/elements.js:655:19
EM_find@chrome://marionette/content/elements.js:532:23
findElementContent/<@chrome://marionette/content/listener.js:1419:1
findElementContent@chrome://marionette/content/listener.js:1418:1
dispatch/</req<@chrome://marionette/content/listener.js:174:22
TaskImpl_run@resource://gre/modules/Task.jsm:315:40
TaskImpl@resource://gre/modules/Task.jsm:276:3
createAsyncFunction/asyncFunction@resource://gre/modules/Task.jsm:250:14
Task_spawn@resource://gre/modules/Task.jsm:164:12
dispatch/<@chrome://marionette/content/listener.js:170:15

1490116225336	geckodriver	INFO	Listening on 127.0.0.1:56009
1490116227367	mozprofile::profile	INFO	Using profile path C:\Users\ekim\AppData\Local\Temp\rust_mozprofile.0qAd2ZvmNFKJ
1490116227372	geckodriver::marionette	INFO	Starting browser C:\Program Files\Mozilla Firefox\firefox.exe
1490116227377	geckodriver::marionette	INFO	Connecting to Marionette on localhost:56015
JavaScript warning: http://portal.qa.calipercorp.com/assets/application-67a8fa2cefff536350db6861af33f0ef.js, line 29: mutating the [[Prototype]] of an object will cause your code to run very slowly; instead create the object with the correct initial [[Prototype]] value using Object.create
1490116230692 Marionette: Element does not have a correct accessibility role and may not be manipulated via the accessibility API -> id: user_password, tagName: INPUT, className: form-control
JavaScript warning: http://portal.qa.calipercorp.com/assets/application-67a8fa2cefff536350db6861af33f0ef.js, line 29: mutating the [[Prototype]] of an object will cause your code to run very slowly; instead create the object with the correct initial [[Prototype]] value using Object.create
JavaScript warning: http://portal.qa.calipercorp.com/assets/application-67a8fa2cefff536350db6861af33f0ef.js, line 29: mutating the [[Prototype]] of an object will cause your code to run very slowly; instead create the object with the correct initial [[Prototype]] value using Object.create
JavaScript warning: http://portal.qa.calipercorp.com/assets/application-67a8fa2cefff536350db6861af33f0ef.js, line 29: mutating the [[Prototype]] of an object will cause your code to run very slowly; instead create the object with the correct initial [[Prototype]] value using Object.create
Performance warning: Async animation disabled because frame size (642, 1142) is bigger than the viewport (1607, 871) or the visual rectangle (642, 1142) is larger than the max allowable value (17895698) [div]
1490116246123 Marionette: Element is not currently visible via the accessibility API and may not be manipulated by it -> id: assesseeSaveButton, tagName: BUTTON, className: btn btn-primary
Marionette threw an error: SyntaxError: The expression is not a legal expression.
EM_findByXPath@chrome://marionette/content/elements.js:591:12
EM_findElement@chrome://marionette/content/elements.js:655:19
EM_find@chrome://marionette/content/elements.js:532:23
findElementContent/<@chrome://marionette/content/listener.js:1419:1
findElementContent@chrome://marionette/content/listener.js:1418:1
dispatch/</req<@chrome://marionette/content/listener.js:174:22
TaskImpl_run@resource://gre/modules/Task.jsm:315:40
TaskImpl@resource://gre/modules/Task.jsm:276:3
createAsyncFunction/asyncFunction@resource://gre/modules/Task.jsm:250:14
Task_spawn@resource://gre/modules/Task.jsm:164:12
dispatch/<@chrome://marionette/content/listener.js:170:15

1490116346207	geckodriver	INFO	Listening on 127.0.0.1:56148
1490116348235	mozprofile::profile	INFO	Using profile path C:\Users\ekim\AppData\Local\Temp\rust_mozprofile.fuJE4VKU25A5
1490116348239	geckodriver::marionette	INFO	Starting browser C:\Program Files\Mozilla Firefox\firefox.exe
1490116348247	geckodriver::marionette	INFO	Connecting to Marionette on localhost:56154
JavaScript warning: http://portal.qa.calipercorp.com/assets/application-67a8fa2cefff536350db6861af33f0ef.js, line 29: mutating the [[Prototype]] of an object will cause your code to run very slowly; instead create the object with the correct initial [[Prototype]] value using Object.create
1490116351227 Marionette: Element does not have a correct accessibility role and may not be manipulated via the accessibility API -> id: user_password, tagName: INPUT, className: form-control
JavaScript warning: http://portal.qa.calipercorp.com/assets/application-67a8fa2cefff536350db6861af33f0ef.js, line 29: mutating the [[Prototype]] of an object will cause your code to run very slowly; instead create the object with the correct initial [[Prototype]] value using Object.create
JavaScript warning: http://portal.qa.calipercorp.com/assets/application-67a8fa2cefff536350db6861af33f0ef.js, line 29: mutating the [[Prototype]] of an object will cause your code to run very slowly; instead create the object with the correct initial [[Prototype]] value using Object.create
JavaScript warning: http://portal.qa.calipercorp.com/assets/application-67a8fa2cefff536350db6861af33f0ef.js, line 29: mutating the [[Prototype]] of an object will cause your code to run very slowly; instead create the object with the correct initial [[Prototype]] value using Object.create
Performance warning: Async animation disabled because frame size (642, 1142) is bigger than the viewport (1607, 871) or the visual rectangle (642, 1142) is larger than the max allowable value (17895698) [div]
1490116366704 Marionette: Element is not currently visible via the accessibility API and may not be manipulated by it -> id: assesseeSaveButton, tagName: BUTTON, className: btn btn-primary
1490116588852	geckodriver	INFO	Listening on 127.0.0.1:56290
1490116590881	mozprofile::profile	INFO	Using profile path C:\Users\ekim\AppData\Local\Temp\rust_mozprofile.KS0v5NEATfYl
1490116590885	geckodriver::marionette	INFO	Starting browser C:\Program Files\Mozilla Firefox\firefox.exe
1490116590891	geckodriver::marionette	INFO	Connecting to Marionette on localhost:56296
JavaScript warning: http://portal.qa.calipercorp.com/assets/application-67a8fa2cefff536350db6861af33f0ef.js, line 29: mutating the [[Prototype]] of an object will cause your code to run very slowly; instead create the object with the correct initial [[Prototype]] value using Object.create
1490116594195 Marionette: Element does not have a correct accessibility role and may not be manipulated via the accessibility API -> id: user_password, tagName: INPUT, className: form-control
JavaScript warning: http://portal.qa.calipercorp.com/assets/application-67a8fa2cefff536350db6861af33f0ef.js, line 29: mutating the [[Prototype]] of an object will cause your code to run very slowly; instead create the object with the correct initial [[Prototype]] value using Object.create
JavaScript warning: http://portal.qa.calipercorp.com/assets/application-67a8fa2cefff536350db6861af33f0ef.js, line 29: mutating the [[Prototype]] of an object will cause your code to run very slowly; instead create the object with the correct initial [[Prototype]] value using Object.create
JavaScript warning: http://portal.qa.calipercorp.com/assets/application-67a8fa2cefff536350db6861af33f0ef.js, line 29: mutating the [[Prototype]] of an object will cause your code to run very slowly; instead create the object with the correct initial [[Prototype]] value using Object.create
Performance warning: Async animation disabled because frame size (642, 1142) is bigger than the viewport (1607, 871) or the visual rectangle (642, 1142) is larger than the max allowable value (17895698) [div]
1490116609260 Marionette: Element is not currently visible via the accessibility API and may not be manipulated by it -> id: assesseeSaveButton, tagName: BUTTON, className: btn btn-primary
1490116904442	geckodriver	INFO	Listening on 127.0.0.1:56528
1490116906467	mozprofile::profile	INFO	Using profile path C:\Users\ekim\AppData\Local\Temp\rust_mozprofile.HNFOgo8UhCkt
1490116906472	geckodriver::marionette	INFO	Starting browser C:\Program Files\Mozilla Firefox\firefox.exe
1490116906479	geckodriver::marionette	INFO	Connecting to Marionette on localhost:56534
JavaScript warning: http://portal.qa.calipercorp.com/assets/application-67a8fa2cefff536350db6861af33f0ef.js, line 29: mutating the [[Prototype]] of an object will cause your code to run very slowly; instead create the object with the correct initial [[Prototype]] value using Object.create
1490116909494 Marionette: Element does not have a correct accessibility role and may not be manipulated via the accessibility API -> id: user_password, tagName: INPUT, className: form-control
JavaScript warning: http://portal.qa.calipercorp.com/assets/application-67a8fa2cefff536350db6861af33f0ef.js, line 29: mutating the [[Prototype]] of an object will cause your code to run very slowly; instead create the object with the correct initial [[Prototype]] value using Object.create
JavaScript warning: http://portal.qa.calipercorp.com/assets/application-67a8fa2cefff536350db6861af33f0ef.js, line 29: mutating the [[Prototype]] of an object will cause your code to run very slowly; instead create the object with the correct initial [[Prototype]] value using Object.create
JavaScript warning: http://portal.qa.calipercorp.com/assets/application-67a8fa2cefff536350db6861af33f0ef.js, line 29: mutating the [[Prototype]] of an object will cause your code to run very slowly; instead create the object with the correct initial [[Prototype]] value using Object.create
Performance warning: Async animation disabled because frame size (642, 1142) is bigger than the viewport (1607, 871) or the visual rectangle (642, 1142) is larger than the max allowable value (17895698) [div]
1490116925001 Marionette: Element is not currently visible via the accessibility API and may not be manipulated by it -> id: assesseeSaveButton, tagName: BUTTON, className: btn btn-primary
1490117481471	geckodriver	INFO	Listening on 127.0.0.1:56810
1490117483528	mozprofile::profile	INFO	Using profile path C:\Users\ekim\AppData\Local\Temp\rust_mozprofile.m7MisjHDBHzm
1490117483534	geckodriver::marionette	INFO	Starting browser C:\Program Files\Mozilla Firefox\firefox.exe
1490117483540	geckodriver::marionette	INFO	Connecting to Marionette on localhost:56816
JavaScript warning: http://portal.qa.calipercorp.com/assets/application-67a8fa2cefff536350db6861af33f0ef.js, line 29: mutating the [[Prototype]] of an object will cause your code to run very slowly; instead create the object with the correct initial [[Prototype]] value using Object.create
1490117486532 Marionette: Element does not have a correct accessibility role and may not be manipulated via the accessibility API -> id: user_password, tagName: INPUT, className: form-control
JavaScript warning: http://portal.qa.calipercorp.com/assets/application-67a8fa2cefff536350db6861af33f0ef.js, line 29: mutating the [[Prototype]] of an object will cause your code to run very slowly; instead create the object with the correct initial [[Prototype]] value using Object.create
JavaScript warning: http://portal.qa.calipercorp.com/assets/application-67a8fa2cefff536350db6861af33f0ef.js, line 29: mutating the [[Prototype]] of an object will cause your code to run very slowly; instead create the object with the correct initial [[Prototype]] value using Object.create
JavaScript warning: http://portal.qa.calipercorp.com/assets/application-67a8fa2cefff536350db6861af33f0ef.js, line 29: mutating the [[Prototype]] of an object will cause your code to run very slowly; instead create the object with the correct initial [[Prototype]] value using Object.create
Performance warning: Async animation disabled because frame size (642, 1142) is bigger than the viewport (1607, 871) or the visual rectangle (642, 1142) is larger than the max allowable value (17895698) [div]
1490117502016 Marionette: Element is not currently visible via the accessibility API and may not be manipulated by it -> id: assesseeSaveButton, tagName: BUTTON, className: btn btn-primary
1490117621794	geckodriver	INFO	Listening on 127.0.0.1:57007
1490117623825	mozprofile::profile	INFO	Using profile path C:\Users\ekim\AppData\Local\Temp\rust_mozprofile.4umHXnkRASgB
1490117623825	geckodriver::marionette	INFO	Starting browser C:\Program Files\Mozilla Firefox\firefox.exe
1490117623841	geckodriver::marionette	INFO	Connecting to Marionette on localhost:57013
JavaScript warning: http://portal.qa.calipercorp.com/assets/application-67a8fa2cefff536350db6861af33f0ef.js, line 29: mutating the [[Prototype]] of an object will cause your code to run very slowly; instead create the object with the correct initial [[Prototype]] value using Object.create
1490117627217 Marionette: Element does not have a correct accessibility role and may not be manipulated via the accessibility API -> id: user_password, tagName: INPUT, className: form-control
JavaScript warning: http://portal.qa.calipercorp.com/assets/application-67a8fa2cefff536350db6861af33f0ef.js, line 29: mutating the [[Prototype]] of an object will cause your code to run very slowly; instead create the object with the correct initial [[Prototype]] value using Object.create
JavaScript warning: http://portal.qa.calipercorp.com/assets/application-67a8fa2cefff536350db6861af33f0ef.js, line 29: mutating the [[Prototype]] of an object will cause your code to run very slowly; instead create the object with the correct initial [[Prototype]] value using Object.create
JavaScript warning: http://portal.qa.calipercorp.com/assets/application-67a8fa2cefff536350db6861af33f0ef.js, line 29: mutating the [[Prototype]] of an object will cause your code to run very slowly; instead create the object with the correct initial [[Prototype]] value using Object.create
Performance warning: Async animation disabled because frame size (642, 1142) is bigger than the viewport (1607, 871) or the visual rectangle (642, 1142) is larger than the max allowable value (17895698) [div]
1490117642312 Marionette: Element is not currently visible via the accessibility API and may not be manipulated by it -> id: assesseeSaveButton, tagName: BUTTON, className: btn btn-primary
1490118161997	geckodriver	INFO	Listening on 127.0.0.1:57498
1490118164074	mozprofile::profile	INFO	Using profile path C:\Users\ekim\AppData\Local\Temp\rust_mozprofile.ZlngPKJcuhfp
1490118164074	geckodriver::marionette	INFO	Starting browser C:\Program Files\Mozilla Firefox\firefox.exe
1490118164074	geckodriver::marionette	INFO	Connecting to Marionette on localhost:57504
JavaScript warning: http://portal.qa.calipercorp.com/assets/application-67a8fa2cefff536350db6861af33f0ef.js, line 29: mutating the [[Prototype]] of an object will cause your code to run very slowly; instead create the object with the correct initial [[Prototype]] value using Object.create
1490118167183 Marionette: Element does not have a correct accessibility role and may not be manipulated via the accessibility API -> id: user_password, tagName: INPUT, className: form-control
JavaScript warning: http://portal.qa.calipercorp.com/assets/application-67a8fa2cefff536350db6861af33f0ef.js, line 29: mutating the [[Prototype]] of an object will cause your code to run very slowly; instead create the object with the correct initial [[Prototype]] value using Object.create
JavaScript warning: http://portal.qa.calipercorp.com/assets/application-67a8fa2cefff536350db6861af33f0ef.js, line 29: mutating the [[Prototype]] of an object will cause your code to run very slowly; instead create the object with the correct initial [[Prototype]] value using Object.create
JavaScript warning: http://portal.qa.calipercorp.com/assets/application-67a8fa2cefff536350db6861af33f0ef.js, line 29: mutating the [[Prototype]] of an object will cause your code to run very slowly; instead create the object with the correct initial [[Prototype]] value using Object.create
Performance warning: Async animation disabled because frame size (642, 1142) is bigger than the viewport (1607, 871) or the visual rectangle (642, 1142) is larger than the max allowable value (17895698) [div]
1490118182641 Marionette: Element is not currently visible via the accessibility API and may not be manipulated by it -> id: assesseeSaveButton, tagName: BUTTON, className: btn btn-primary
1490118327839	geckodriver	INFO	Listening on 127.0.0.1:57634
1490118329878	mozprofile::profile	INFO	Using profile path C:\Users\ekim\AppData\Local\Temp\rust_mozprofile.X049k6fLxrs3
1490118329878	geckodriver::marionette	INFO	Starting browser C:\Program Files\Mozilla Firefox\firefox.exe
1490118329894	geckodriver::marionette	INFO	Connecting to Marionette on localhost:57640
JavaScript warning: http://portal.qa.calipercorp.com/assets/application-67a8fa2cefff536350db6861af33f0ef.js, line 29: mutating the [[Prototype]] of an object will cause your code to run very slowly; instead create the object with the correct initial [[Prototype]] value using Object.create
1490118332546 Marionette: Element does not have a correct accessibility role and may not be manipulated via the accessibility API -> id: user_password, tagName: INPUT, className: form-control
JavaScript warning: http://portal.qa.calipercorp.com/assets/application-67a8fa2cefff536350db6861af33f0ef.js, line 29: mutating the [[Prototype]] of an object will cause your code to run very slowly; instead create the object with the correct initial [[Prototype]] value using Object.create
JavaScript warning: http://portal.qa.calipercorp.com/assets/application-67a8fa2cefff536350db6861af33f0ef.js, line 29: mutating the [[Prototype]] of an object will cause your code to run very slowly; instead create the object with the correct initial [[Prototype]] value using Object.create
JavaScript warning: http://portal.qa.calipercorp.com/assets/application-67a8fa2cefff536350db6861af33f0ef.js, line 29: mutating the [[Prototype]] of an object will cause your code to run very slowly; instead create the object with the correct initial [[Prototype]] value using Object.create
Performance warning: Async animation disabled because frame size (642, 1142) is bigger than the viewport (1607, 871) or the visual rectangle (642, 1142) is larger than the max allowable value (17895698) [div]
1490118347915 Marionette: Element is not currently visible via the accessibility API and may not be manipulated by it -> id: assesseeSaveButton, tagName: BUTTON, className: btn btn-primary
1490118464960	geckodriver	INFO	Listening on 127.0.0.1:57736
1490118466993	mozprofile::profile	INFO	Using profile path C:\Users\ekim\AppData\Local\Temp\rust_mozprofile.NXBZ0NJh9IM5
1490118466993	geckodriver::marionette	INFO	Starting browser C:\Program Files\Mozilla Firefox\firefox.exe
1490118467009	geckodriver::marionette	INFO	Connecting to Marionette on localhost:57744
JavaScript warning: http://portal.qa.calipercorp.com/assets/application-67a8fa2cefff536350db6861af33f0ef.js, line 29: mutating the [[Prototype]] of an object will cause your code to run very slowly; instead create the object with the correct initial [[Prototype]] value using Object.create
1490118470039 Marionette: Element does not have a correct accessibility role and may not be manipulated via the accessibility API -> id: user_password, tagName: INPUT, className: form-control
JavaScript warning: http://portal.qa.calipercorp.com/assets/application-67a8fa2cefff536350db6861af33f0ef.js, line 29: mutating the [[Prototype]] of an object will cause your code to run very slowly; instead create the object with the correct initial [[Prototype]] value using Object.create
JavaScript warning: http://portal.qa.calipercorp.com/assets/application-67a8fa2cefff536350db6861af33f0ef.js, line 29: mutating the [[Prototype]] of an object will cause your code to run very slowly; instead create the object with the correct initial [[Prototype]] value using Object.create
JavaScript warning: http://portal.qa.calipercorp.com/assets/application-67a8fa2cefff536350db6861af33f0ef.js, line 29: mutating the [[Prototype]] of an object will cause your code to run very slowly; instead create the object with the correct initial [[Prototype]] value using Object.create
Performance warning: Async animation disabled because frame size (642, 1142) is bigger than the viewport (1607, 871) or the visual rectangle (642, 1142) is larger than the max allowable value (17895698) [div]
1490118485393 Marionette: Element is not currently visible via the accessibility API and may not be manipulated by it -> id: assesseeSaveButton, tagName: BUTTON, className: btn btn-primary
1490118570846	geckodriver	INFO	Listening on 127.0.0.1:57835
1490118572859	mozprofile::profile	INFO	Using profile path C:\Users\ekim\AppData\Local\Temp\rust_mozprofile.6DjoTfdigswv
1490118572859	geckodriver::marionette	INFO	Starting browser C:\Program Files\Mozilla Firefox\firefox.exe
1490118572875	geckodriver::marionette	INFO	Connecting to Marionette on localhost:57841
JavaScript warning: http://portal.qa.calipercorp.com/assets/application-67a8fa2cefff536350db6861af33f0ef.js, line 29: mutating the [[Prototype]] of an object will cause your code to run very slowly; instead create the object with the correct initial [[Prototype]] value using Object.create
1490118575955 Marionette: Element does not have a correct accessibility role and may not be manipulated via the accessibility API -> id: user_password, tagName: INPUT, className: form-control
JavaScript warning: http://portal.qa.calipercorp.com/assets/application-67a8fa2cefff536350db6861af33f0ef.js, line 29: mutating the [[Prototype]] of an object will cause your code to run very slowly; instead create the object with the correct initial [[Prototype]] value using Object.create
JavaScript warning: http://portal.qa.calipercorp.com/assets/application-67a8fa2cefff536350db6861af33f0ef.js, line 29: mutating the [[Prototype]] of an object will cause your code to run very slowly; instead create the object with the correct initial [[Prototype]] value using Object.create
JavaScript warning: http://portal.qa.calipercorp.com/assets/application-67a8fa2cefff536350db6861af33f0ef.js, line 29: mutating the [[Prototype]] of an object will cause your code to run very slowly; instead create the object with the correct initial [[Prototype]] value using Object.create
Performance warning: Async animation disabled because frame size (642, 1142) is bigger than the viewport (1607, 871) or the visual rectangle (642, 1142) is larger than the max allowable value (17895698) [div]
1490118591408 Marionette: Element is not currently visible via the accessibility API and may not be manipulated by it -> id: assesseeSaveButton, tagName: BUTTON, className: btn btn-primary
1490118683283	geckodriver	INFO	Listening on 127.0.0.1:57927
1490118685311	mozprofile::profile	INFO	Using profile path C:\Users\ekim\AppData\Local\Temp\rust_mozprofile.bZ9zC9QWrexZ
1490118685313	geckodriver::marionette	INFO	Starting browser C:\Program Files\Mozilla Firefox\firefox.exe
1490118685313	geckodriver::marionette	INFO	Connecting to Marionette on localhost:57939
JavaScript warning: http://portal.qa.calipercorp.com/assets/application-67a8fa2cefff536350db6861af33f0ef.js, line 29: mutating the [[Prototype]] of an object will cause your code to run very slowly; instead create the object with the correct initial [[Prototype]] value using Object.create
1490118688197 Marionette: Element does not have a correct accessibility role and may not be manipulated via the accessibility API -> id: user_password, tagName: INPUT, className: form-control
JavaScript warning: http://portal.qa.calipercorp.com/assets/application-67a8fa2cefff536350db6861af33f0ef.js, line 29: mutating the [[Prototype]] of an object will cause your code to run very slowly; instead create the object with the correct initial [[Prototype]] value using Object.create
JavaScript warning: http://portal.qa.calipercorp.com/assets/application-67a8fa2cefff536350db6861af33f0ef.js, line 29: mutating the [[Prototype]] of an object will cause your code to run very slowly; instead create the object with the correct initial [[Prototype]] value using Object.create
JavaScript warning: http://portal.qa.calipercorp.com/assets/application-67a8fa2cefff536350db6861af33f0ef.js, line 29: mutating the [[Prototype]] of an object will cause your code to run very slowly; instead create the object with the correct initial [[Prototype]] value using Object.create
Performance warning: Async animation disabled because frame size (642, 1142) is bigger than the viewport (1607, 871) or the visual rectangle (642, 1142) is larger than the max allowable value (17895698) [div]
1490118703575 Marionette: Element is not currently visible via the accessibility API and may not be manipulated by it -> id: assesseeSaveButton, tagName: BUTTON, className: btn btn-primary
1490118948717	geckodriver	INFO	Listening on 127.0.0.1:58128
1490118950751	mozprofile::profile	INFO	Using profile path C:\Users\ekim\AppData\Local\Temp\rust_mozprofile.y5LAkU8l7WnN
1490118950751	geckodriver::marionette	INFO	Starting browser C:\Program Files\Mozilla Firefox\firefox.exe
1490118950751	geckodriver::marionette	INFO	Connecting to Marionette on localhost:58148
JavaScript warning: http://portal.qa.calipercorp.com/assets/application-67a8fa2cefff536350db6861af33f0ef.js, line 29: mutating the [[Prototype]] of an object will cause your code to run very slowly; instead create the object with the correct initial [[Prototype]] value using Object.create
1490118953706 Marionette: Element does not have a correct accessibility role and may not be manipulated via the accessibility API -> id: user_password, tagName: INPUT, className: form-control
JavaScript warning: http://portal.qa.calipercorp.com/assets/application-67a8fa2cefff536350db6861af33f0ef.js, line 29: mutating the [[Prototype]] of an object will cause your code to run very slowly; instead create the object with the correct initial [[Prototype]] value using Object.create
JavaScript warning: http://portal.qa.calipercorp.com/assets/application-67a8fa2cefff536350db6861af33f0ef.js, line 29: mutating the [[Prototype]] of an object will cause your code to run very slowly; instead create the object with the correct initial [[Prototype]] value using Object.create
JavaScript warning: http://portal.qa.calipercorp.com/assets/application-67a8fa2cefff536350db6861af33f0ef.js, line 29: mutating the [[Prototype]] of an object will cause your code to run very slowly; instead create the object with the correct initial [[Prototype]] value using Object.create
Performance warning: Async animation disabled because frame size (642, 1142) is bigger than the viewport (1607, 871) or the visual rectangle (642, 1142) is larger than the max allowable value (17895698) [div]
1490118968891 Marionette: Element is not currently visible via the accessibility API and may not be manipulated by it -> id: assesseeSaveButton, tagName: BUTTON, className: btn btn-primary
1490119098353	geckodriver	INFO	Listening on 127.0.0.1:58252
1490119100375	mozprofile::profile	INFO	Using profile path C:\Users\ekim\AppData\Local\Temp\rust_mozprofile.nn6VN5mtw0pp
1490119100375	geckodriver::marionette	INFO	Starting browser C:\Program Files\Mozilla Firefox\firefox.exe
1490119100392	geckodriver::marionette	INFO	Connecting to Marionette on localhost:58258
1490119155494	geckodriver	INFO	Listening on 127.0.0.1:58268
1490119157527	mozprofile::profile	INFO	Using profile path C:\Users\ekim\AppData\Local\Temp\rust_mozprofile.QZlafyAnFWwO
1490119157527	geckodriver::marionette	INFO	Starting browser C:\Program Files\Mozilla Firefox\firefox.exe
1490119157542	geckodriver::marionette	INFO	Connecting to Marionette on localhost:58274
1490119191849	geckodriver	INFO	Listening on 127.0.0.1:58288
1490119193873	mozprofile::profile	INFO	Using profile path C:\Users\ekim\AppData\Local\Temp\rust_mozprofile.2YQRQSALGGUf
1490119193873	geckodriver::marionette	INFO	Starting browser C:\Program Files\Mozilla Firefox\firefox.exe
1490119193889	geckodriver::marionette	INFO	Connecting to Marionette on localhost:58296
1490119374930	geckodriver	INFO	Listening on 127.0.0.1:58348
1490119377000	mozprofile::profile	INFO	Using profile path C:\Users\ekim\AppData\Local\Temp\rust_mozprofile.sFKAMmmE2flh
1490119377004	geckodriver::marionette	INFO	Starting browser C:\Program Files\Mozilla Firefox\firefox.exe
1490119377020	geckodriver::marionette	INFO	Connecting to Marionette on localhost:58354
1490119412305	geckodriver	INFO	Listening on 127.0.0.1:58388
1490119414342	mozprofile::profile	INFO	Using profile path C:\Users\ekim\AppData\Local\Temp\rust_mozprofile.bVVW8Qqg6jAI
1490119414342	geckodriver::marionette	INFO	Starting browser C:\Program Files\Mozilla Firefox\firefox.exe
1490119414342	geckodriver::marionette	INFO	Connecting to Marionette on localhost:58394
1490119453044	geckodriver	INFO	Listening on 127.0.0.1:58407
1490119455061	mozprofile::profile	INFO	Using profile path C:\Users\ekim\AppData\Local\Temp\rust_mozprofile.vhjpFadxIfJu
1490119455071	geckodriver::marionette	INFO	Starting browser C:\Program Files\Mozilla Firefox\firefox.exe
1490119455075	geckodriver::marionette	INFO	Connecting to Marionette on localhost:58413
1490119555761	geckodriver	INFO	Listening on 127.0.0.1:58476
1490119557808	mozprofile::profile	INFO	Using profile path C:\Users\ekim\AppData\Local\Temp\rust_mozprofile.53gHdSirjUW3
1490119557808	geckodriver::marionette	INFO	Starting browser C:\Program Files\Mozilla Firefox\firefox.exe
1490119557808	geckodriver::marionette	INFO	Connecting to Marionette on localhost:58482
1490119578566	geckodriver	INFO	Listening on 127.0.0.1:58493
1490119580601	mozprofile::profile	INFO	Using profile path C:\Users\ekim\AppData\Local\Temp\rust_mozprofile.MYCQhtiqkvrL
1490119580601	geckodriver::marionette	INFO	Starting browser C:\Program Files\Mozilla Firefox\firefox.exe
1490119580617	geckodriver::marionette	INFO	Connecting to Marionette on localhost:58501
1490119627682	geckodriver	INFO	Listening on 127.0.0.1:58514
1490119629730	mozprofile::profile	INFO	Using profile path C:\Users\ekim\AppData\Local\Temp\rust_mozprofile.E0kxdV1nByH3
1490119629744	geckodriver::marionette	INFO	Starting browser C:\Program Files\Mozilla Firefox\firefox.exe
1490119629749	geckodriver::marionette	INFO	Connecting to Marionette on localhost:58520
1490119737590	geckodriver	INFO	Listening on 127.0.0.1:58635
1490119739627	mozprofile::profile	INFO	Using profile path C:\Users\ekim\AppData\Local\Temp\rust_mozprofile.iuBAwzz65zrq
1490119739642	geckodriver::marionette	INFO	Starting browser C:\Program Files\Mozilla Firefox\firefox.exe
1490119739642	geckodriver::marionette	INFO	Connecting to Marionette on localhost:58641
1490119776449	geckodriver	INFO	Listening on 127.0.0.1:58677
1490119778485	mozprofile::profile	INFO	Using profile path C:\Users\ekim\AppData\Local\Temp\rust_mozprofile.Si1sggD2gV4s
1490119778501	geckodriver::marionette	INFO	Starting browser C:\Program Files\Mozilla Firefox\firefox.exe
1490119778501	geckodriver::marionette	INFO	Connecting to Marionette on localhost:58683
1490121836527	geckodriver	INFO	Listening on 127.0.0.1:60249
1490121838596	mozprofile::profile	INFO	Using profile path C:\Users\ekim\AppData\Local\Temp\rust_mozprofile.wDdfmpcgKUpu
1490121838596	geckodriver::marionette	INFO	Starting browser C:\Program Files\Mozilla Firefox\firefox.exe
1490121838612	geckodriver::marionette	INFO	Connecting to Marionette on localhost:60255
JavaScript warning: http://portal.qa.calipercorp.com/assets/application-67a8fa2cefff536350db6861af33f0ef.js, line 29: mutating the [[Prototype]] of an object will cause your code to run very slowly; instead create the object with the correct initial [[Prototype]] value using Object.create
1490121841354 Marionette: Element does not have a correct accessibility role and may not be manipulated via the accessibility API -> id: user_password, tagName: INPUT, className: form-control
JavaScript warning: http://portal.qa.calipercorp.com/assets/application-67a8fa2cefff536350db6861af33f0ef.js, line 29: mutating the [[Prototype]] of an object will cause your code to run very slowly; instead create the object with the correct initial [[Prototype]] value using Object.create
JavaScript warning: http://portal.qa.calipercorp.com/assets/application-67a8fa2cefff536350db6861af33f0ef.js, line 29: mutating the [[Prototype]] of an object will cause your code to run very slowly; instead create the object with the correct initial [[Prototype]] value using Object.create
JavaScript warning: http://portal.qa.calipercorp.com/assets/application-67a8fa2cefff536350db6861af33f0ef.js, line 29: mutating the [[Prototype]] of an object will cause your code to run very slowly; instead create the object with the correct initial [[Prototype]] value using Object.create
Performance warning: Async animation disabled because frame size (642, 1142) is bigger than the viewport (1607, 871) or the visual rectangle (642, 1142) is larger than the max allowable value (17895698) [div]
1490121856579 Marionette: Element is not currently visible via the accessibility API and may not be manipulated by it -> id: assesseeSaveButton, tagName: BUTTON, className: btn btn-primary
